Cat's name: Shred, Cat's breed: british, Cat's master: Shreding, 0987654321, Cat's collar: True
ExperimentCat's name: Shred, ExperimentCat's breed: british, Master's number: Shreding, Master's name: 0987654321, ExperimentCat's collar: True
Status: Nice
Energy level: 5, Food level: 5
Shred in room
Poison is in the Box
Conditions for the experiment are not met
Shred is in the Box
Poison is out of the Box
Conditions for the experiment are not met
Poison is in the Box
Shred is alive in the experiment
Cat's name: Shred, Cat's breed: british, Cat's master: Shreding, 0987654321, Cat's collar: True
ExperimentCat's name: Shred, ExperimentCat's breed: british, Master's number: Shreding, Master's name: 0987654321, ExperimentCat's collar: True
Status: Nice
Energy level: 5, Food level: 5
Shred in room
Poison is in the Box
Conditions for the experiment are not met
Shred is in the Box
Poison is out of the Box
Conditions for the experiment are not met
Poison is in the Box
Shred is dead in the experiment
Cat's name: Shred, Cat's breed: british, Cat's master: Shreding, 0987654321, Cat's collar: True
ExperimentCat's name: Shred, ExperimentCat's breed: british, Master's number: Shreding, Master's name: 0987654321, ExperimentCat's collar: True
Status: Nice
Energy level: 5, Food level: 5
Shred in room
Poison is in the Box
Conditions for the experiment are not met
Shred is in the Box
Poison is out of the Box
Conditions for the experiment are not met
Poison is in the Box
Shred is alive in the experiment
Cat's name: Shred, Cat's breed: british, Cat's master: Shreding, 0987654321, Cat's collar: True
ExperimentCat's name: Shred, ExperimentCat's breed: british, Master's number: Shreding, Master's name: 0987654321, ExperimentCat's collar: True
Status: Nice
Energy level: 5, Food level: 5
Shred in room
Poison is in the Box
Conditions for the experiment are not met
Shred is in the Box
Poison is out of the Box
Conditions for the experiment are not met
Poison is in the Box
Shred is dead in the experiment
