Cat's name: None Cat's bread: NoneCat's master: None, NoneCat's colar: None
Cat's name: Ben, Cat's bread: british, Number master: 0987654321, Name master: John, Cat's colar: true
Ben plays with mouse: energy-1, food+1
Ben sleeps: energy+1
Ben eats fish: food+1
New name for cat's: CAt
Cat's name: Василь, Cat's bread: british, Number master: 0987654321, Name master: John, Cat's colar: true, Cat's energy: 5
Status: Cat's want to play
Level energy: 5, Level food: 7
Cat's name: None Cat's bread: NoneCat's master: None, NoneCat's colar: None
Cat's name: Ben, Cat's bread: british, Number master: 0987654321, Name master: John, Cat's colar: true
Ben plays in bug: energy+1, food-1
Ben sleeps: energy+1
Ben eats meat: food+2
New name for cat's: Raccon
Cat's name: Raccon, Cat's bread: british, Number master: 0987654321, Name master: John, Cat's colar: true, Cat's energy: 7
Status: Cat's want to play
Level energy: 7, Level food: 6
Cat's name: None Cat's bread: NoneCat's master: None, NoneCat's colar: None
Cat's name: Ben, Cat's bread: british, Number master: 0987654321, Name master: John, Cat's colar: true
Ben plays in bug: energy+1, food-1
Ben sleeps: energy+1
Ben eats meat: food+2
New name for cat's: Raccon
Cat's name: Raccon, Cat's bread: british, Number master: 0987654321, Name master: John, Cat's colar: true, Cat's energy: 7
Status: Raccon want to play
Level energy: 7, Level food: 6
Cat's name: None Cat's bread: NoneCat's master: None, NoneCat's colar: None
Cat's name: Ben, Cat's bread: british, Number master: 0987654321, Name master: John, Cat's colar: true
Ben plays with mouse: energy-1, food+1
Ben sleeps: energy+1
Ben cleans: energy-1
Ben eats fish: food+1
New name for cat's: Raccon
Raccon night vision true: energy-1
Cat's name: Raccon, Cat's bread: british, Number master: 0987654321, Name master: John, Cat's colar: true, Cat's energy: 3
Status: Raccon need to sleep or eat
Level energy: 3, Level food: 7
Raccon said mew
Raccon in home
Cat's name: None Cat's bread: NoneCat's master: None, NoneCat's colar: None
Cat's name: Ben, Cat's bread: british, Number master: 0987654321, Name master: John, Cat's colar: true
Ben plays with mouse: energy-1, food+1
Ben sleeps: energy+1
Ben cleans: energy-1
Ben eats fish: food+1
New name for cat's: Raccon
Raccon night vision true: energy-1
Cat's name: Raccon, Cat's bread: british, Number master: 0987654321, Name master: John, Cat's colar: true, Cat's energy: 3
Status: Raccon need to sleep or eat
Level energy: 3, Level food: 7
Raccon said mew
Raccon in home
Cat's name: None Cat's bread: NoneCat's master: None, NoneCat's colar: None
Cat's name: Ben, Cat's bread: british, Number master: 0987654321, Name master: John, Cat's colar: true
Ben plays in outside: energy-2, food-1
Ben sleeps: energy+1
Ben cleans: energy-1
Ben don't want to eat candy: food-1
New name for cat's: Raccon
Raccon night vision true: energy-1
Cat's name: Raccon, Cat's bread: british, Number master: 0987654321, Name master: John, Cat's colar: true, Cat's energy: 2
Status: Raccon need to sleep or eat
Level energy: 2, Level food: 3
Raccon said mew
Raccon in outside
Cat's name: None Cat's bread: NoneCat's master: None, NoneCat's colar: None
Cat's name: Ben, Cat's bread: british, Number master: 0987654321, Name master: John, Cat's colar: true
Ben plays in outside: energy-2, food-1
Ben sleeps: energy+1
Ben cleans: energy-1
Ben don't want to eat candy: food-1
New name for cat's: Raccon
Raccon night vision true: energy-1
Cat's name: Raccon, Cat's bread: british, Number master: 0987654321, Name master: John, Cat's colar: true, Cat's energy: 2
Status: Raccon need to sleep or eat
Level energy: 2, Level food: 3
Raccon said mew
Raccon in outside
Cat's name: None Cat's bread: NoneCat's master: None, NoneCat's colar: None
Cat's name: Ben, Cat's bread: british, Number master: 0987654321, Name master: John, Cat's colar: true
Ben plays in outside: energy-2, food-1
Ben sleeps: energy+1
Ben cleans: energy-1
Ben don't want to eat candy: food-1
New name for cat's: Raccon
Raccon night vision true: energy-1
Cat's name: Raccon, Cat's bread: british, Number master: 0987654321, Name master: John, Cat's colar: true, Cat's energy: 2
Status: Raccon need to sleep or eat
Level energy: 2, Level food: 3
Raccon said mew
Raccon in outside
Cat's name: None Cat's bread: NoneCat's master: None, NoneCat's colar: None
Cat's name: Ben, Cat's bread: british, Number master: 0987654321, Name master: John, Cat's colar: true
Ben plays in outside: energy-2, food-1
Ben sleeps: energy+1
Ben cleans: energy-1
Ben don't want to eat candy: food-1
New name for cat's: Raccon
Raccon night vision true: energy-1
Cat's name: Raccon, Cat's bread: british, Number master: 0987654321, Name master: John, Cat's colar: true, Cat's energy: 2
Status: Raccon need to sleep or eat
Level energy: 2, Level food: 3
Raccon said mew
Raccon in outside
Cat's name: None Cat's bread: NoneCat's master: None, NoneCat's colar: None
Cat's name: Ben, Cat's bread: british, Number master: 0987654321, Name master: John, Cat's colar: true
Ben plays with mouse: energy-1, food+1
Ben sleeps: energy+1
Ben cleans: energy-1
Ben eats fish: food+1
New name for cat's: Raccon
Raccon night vision true: energy-1
Cat's name: Raccon, Cat's bread: british, Number master: 0987654321, Name master: John, Cat's colar: true, Cat's energy: 3
Status: Raccon need to sleep or eat
Level energy: 3, Level food: 7
Raccon said mew
Raccon in home
Cat's name: None Cat's bread: NoneCat's master: None, NoneCat's colar: None
Cat's name: Ben, Cat's bread: british, Number master: 0987654321, Name master: John, Cat's colar: true
Ben plays in bug: energy+1, food-1
Ben sleeps: energy+1
Ben cleans: energy-1
Ben eats meat: food+2
New name for cat's: Raccon
Raccon night vision true: energy-1
Cat's name: Raccon, Cat's bread: british, Number master: 0987654321, Name master: John, Cat's colar: true, Cat's energy: 5
Status: Raccon want to play
Level energy: 5, Level food: 6
Raccon said mew
Raccon in bugs
Cat's name: None Cat's bread: NoneCat's master: None, NoneCat's colar: None
Cat's name: Ben, Cat's bread: british, Number master: 0987654321, Name master: John, Cat's colar: true
Ben plays with mouse: energy-1, food+1
Ben sleeps: energy+1
Ben cleans: energy-1
Ben eats fish: food+1
New name for cat's: Raccon
Raccon night vision true: energy-1
Cat's name: Raccon, Cat's bread: british, Number master: 0987654321, Name master: John, Cat's colar: true, Cat's energy: 3
Status: Raccon need to sleep or eat
Level energy: 3, Level food: 7
Raccon said mew
Raccon in home
Cat's name: None Cat's bread: NoneCat's master: None, NoneCat's colar: None
Cat's name: Ben, Cat's bread: british, Number master: 0987654321, Name master: John, Cat's colar: true
Ben plays with mouse: energy-1, food+1
Ben sleeps: energy+1
Ben cleans: energy-1
Ben eats fish: food+1
New name for cat's: Raccon
Raccon night vision true: energy-1
Cat's name: Raccon, Cat's bread: british, Number master: 0987654321, Name master: John, Cat's colar: true, Cat's energy: 3
Status: Raccon need to sleep or eat
Level energy: 3, Level food: 7
Raccon said mew
Raccon in home
Cat's name: None Cat's bread: NoneCat's master: None, NoneCat's colar: None
Cat's name: Ben, Cat's bread: british, Number master: 0987654321, Name master: John, Cat's colar: true
Ben plays in outside: energy-2, food-1
Ben sleeps: energy+1
Ben cleans: energy-1
Ben don't want to eat candy: food-1
New name for cat's: Raccon
Raccon night vision true: energy-1
Cat's name: Raccon, Cat's bread: british, Number master: 0987654321, Name master: John, Cat's colar: true, Cat's energy: 2
Status: Raccon need to sleep or eat
Level energy: 2, Level food: 3
Raccon said mew
Raccon in outside
Cat's name: None Cat's bread: NoneCat's master: None, NoneCat's colar: None
Cat's name: Ben, Cat's bread: british, Number master: 0987654321, Name master: John, Cat's colar: true
Ben plays in bug: energy+1, food-1
Ben sleeps: energy+1
Ben cleans: energy-1
Ben eats meat: food+2
New name for cat's: Raccon
Raccon night vision true: energy-1
Cat's name: Raccon, Cat's bread: british, Number master: 0987654321, Name master: John, Cat's colar: true, Cat's energy: 5
Status: Raccon want to play
Level energy: 5, Level food: 6
Raccon said mew
Raccon in bugs
