Cat's name: Shred, Cat's bread: british, Number master: 0987654321, Name master: Shreding, Cat's colar: true
ExperimentCat's name: Shred, ExperimentCat's bread: british, Number master: 0987654321, Name master: Shreding, ExperimentCat's colar: true
Status: Nice
Level energy: 5, Level food: 5
Shred said mew
Shred in room
Poison in Box
Conditional for experiment is not done
Shred in Box
Poison out Box
Conditional for experiment is not done
Poison in Box
Shred is dead in experimet
Cat's name: Shred, Cat's bread: british, Number master: 0987654321, Name master: Shreding, Cat's colar: true
ExperimentCat's name: Shred, ExperimentCat's bread: british, Number master: 0987654321, Name master: Shreding, ExperimentCat's colar: true
Status: Nice
Level energy: 5, Level food: 5
Shred said mew
Shred in room
Poison in Box
Conditional for experiment is not done
Shred in Box
Poison out Box
Conditional for experiment is not done
Poison in Box
Shred is dead in experimet
Cat's name: Shred, Cat's bread: british, Number master: 0987654321, Name master: Shreding, Cat's colar: true
ExperimentCat's name: Shred, ExperimentCat's bread: british, Number master: 0987654321, Name master: Shreding, ExperimentCat's colar: true
Status: Nice
Level energy: 5, Level food: 5
Shred said mew
Shred in room
Poison in Box
Conditional for experiment is not done
Shred in Box
Poison out Box
Conditional for experiment is not done
Poison in Box
Shred is live in experiment
Cat's name: Shred, Cat's bread: british, Number master: 0987654321, Name master: Shreding, Cat's colar: true
ExperimentCat's name: Shred, ExperimentCat's bread: british, Number master: 0987654321, Name master: Shreding, ExperimentCat's colar: true
Status: Nice
Level energy: 5, Level food: 5
Shred said mew
Shred in room
Poison in Box
Conditional for experiment is not done
Shred in Box
Poison out Box
Conditional for experiment is not done
Poison in Box
Shred is dead in experimet
Cat's name: Shred, Cat's bread: british, Number master: 0987654321, Name master: Shreding, Cat's colar: true
ExperimentCat's name: Shred, ExperimentCat's bread: british, Number master: 0987654321, Name master: Shreding, ExperimentCat's colar: true
Status: Nice
Level energy: 5, Level food: 5
Shred said mew
Shred in room
Poison in Box
Conditional for experiment is not done
Shred in Box
Poison out Box
Conditional for experiment is not done
Poison in Box
Shred is live in experiment
Cat's name: Shred, Cat's bread: british, Number master: 0987654321, Name master: Shreding, Cat's colar: true
ExperimentCat's name: Shred, ExperimentCat's bread: british, Number master: 0987654321, Name master: Shreding, ExperimentCat's colar: true
Status: Nice
Level energy: 5, Level food: 5
Shred said mew
Shred in room
Poison in Box
Conditional for experiment is not done
Shred in Box
Poison out Box
Conditional for experiment is not done
Poison in Box
Shred is dead in experimet
Cat's name: Shred, Cat's bread: british, Number master: 0987654321, Name master: Shreding, Cat's colar: true
ExperimentCat's name: Shred, ExperimentCat's bread: british, Number master: 0987654321, Name master: Shreding, ExperimentCat's colar: true
Status: Nice
Level energy: 5, Level food: 5
Shred said mew
Shred in room
Poison in Box
Conditional for experiment is not done
Shred in Box
Poison out Box
Conditional for experiment is not done
Poison in Box
Shred is live in experiment
Cat's name: Shred, Cat's bread: british, Number master: 0987654321, Name master: Shreding, Cat's colar: true
ExperimentCat's name: Shred, ExperimentCat's bread: british, Number master: 0987654321, Name master: Shreding, ExperimentCat's colar: true
Status: Nice
Level energy: 5, Level food: 5
Shred said mew
Shred in room
Poison in Box
Conditional for experiment is not done
Shred in Box
Poison out Box
Conditional for experiment is not done
Poison in Box
Shred is dead in experimet
Cat's name: Shred, Cat's bread: british, Number master: 0987654321, Name master: Shreding, Cat's colar: true
ExperimentCat's name: Shred, ExperimentCat's bread: british, Number master: 0987654321, Name master: Shreding, ExperimentCat's colar: true
Status: Nice
Level energy: 5, Level food: 5
Shred said mew
Shred in room
Poison in Box
Conditional for experiment is not done
Shred in Box
Poison out Box
Conditional for experiment is not done
Poison in Box
Shred is dead in experimet
Cat's name: Shred, Cat's bread: british, Number master: 0987654321, Name master: Shreding, Cat's colar: true
ExperimentCat's name: Shred, ExperimentCat's bread: british, Number master: 0987654321, Name master: Shreding, ExperimentCat's colar: true
Status: Nice
Level energy: 5, Level food: 5
Shred said mew
Shred in room
Poison in Box
Conditional for experiment is not done
Shred in Box
Poison out Box
Conditional for experiment is not done
Poison in Box
Shred is dead in experimet
